<?xml version="1.0" encoding="UTF-8"?>
<!-- Generated by org.testng.reporters.JUnitReportReporter -->
<testsuite hostname="PS8080" name="testCases.BS_ListArchivedPackages" tests="1" failures="0" timestamp="5 Oct 2015 07:20:39 GMT" time="76.771" errors="0">
  <testcase name="testListPackages" time="76.771" classname="testCases.BS_ListArchivedPackages"/>
</testsuite> <!-- testCases.BS_ListArchivedPackages -->
