<?xml version="1.0" encoding="UTF-8"?>
<!-- Generated by org.testng.reporters.JUnitReportReporter -->
<testsuite hostname="PS8080" name="testCases.Sampletest" tests="1" failures="0" timestamp="1 Oct 2015 10:19:38 GMT" time="67.698" errors="1">
  <testcase name="f" time="67.698" classname="testCases.Sampletest">
    <error type="org.openqa.selenium.WebDriverException" message="Failed to connect to binary FirefoxBinary(C:\Program Files (x86)\Mozilla Firefox\firefox.exe) on port 7055; process output follows: 
\AppData\Local\Temp\anonymous281036527757777283webdriver-profile\extensions\fxdriver@googlecode.com
1443694713720	addons.xpi	DEBUG	Ignoring file entry whose name is not a valid add-on ID: C:\Users\SUNIL_~1\AppData\Local\Temp\anonymous281036527757777283webdriver-profile\extensions\webdriver-staging
1443694713721	addons.xpi	INFO	Mapping {972ce4c6-7e08-4474-a285-3208198ce6fd} to C:\Program Files (x86)\Mozilla Firefox\browser\extensions\{972ce4c6-7e08-4474-a285-3208198ce6fd}
1443694713721	addons.xpi	DEBUG	Skipping unavailable install location app-system-share
1443694713722	addons.xpi	DEBUG	Skipping unavailable install location app-system-local
1443694713722	addons.xpi	INFO	Mapping IBMNotesBrowserExtension@ibm.com to C:\Program Files (x86)\IBM\Notes\mozilla
1443694713723	addons.xpi	DEBUG	checkForChanges
*** Blocklist::_loadBlocklistFromFile: blocklist is disabled
1443694714067	addons.xpi	INFO	Mapping IBM-cck@firefox-extensions.ibm.com to C:\Users\SUNIL_~1\AppData\Local\Temp\anonymous281036527757777283webdriver-profile\extensions\IBM-cck@firefox-extensions.ibm.com
1443694714067	addons.xpi	DEBUG	Installed distribution add-on IBM-cck@firefox-extensions.ibm.com
1443694714947	addons.xpi	INFO	Mapping ietab@ip.cn to C:\Users\SUNIL_~1\AppData\Local\Temp\anonymous281036527757777283webdriver-profile\extensions\ietab@ip.cn
1443694714948	addons.xpi	DEBUG	Installed distribution add-on ietab@ip.cn
1443694717091	addons.xpi	INFO	Mapping langpack-en-US@firefox.mozilla.org to C:\Users\SUNIL_~1\AppData\Local\Temp\anonymous281036527757777283webdriver-profile\extensions\langpack-en-US@firefox.mozilla.org
1443694717091	addons.xpi	DEBUG	Installed distribution add-on langpack-en-US@firefox.mozilla.org
1443694719321	addons.xpi	INFO	Mapping langpack-es-ES@firefox.mozilla.org to C:\Users\SUNIL_~1\AppData\Local\Temp\anonymous281036527757777283webdriver-profile\extensions\langpack-es-ES@firefox.mozilla.org
1443694719321	addons.xpi	DEBUG	Installed distribution add-on langpack-es-ES@firefox.mozilla.org
1443694721501	addons.xpi	INFO	Mapping langpack-fr@firefox.mozilla.org to C:\Users\SUNIL_~1\AppData\Local\Temp\anonymous281036527757777283webdriver-profile\extensions\langpack-fr@firefox.mozilla.org
1443694721501	addons.xpi	DEBUG	Installed distribution add-on langpack-fr@firefox.mozilla.org
1443694723829	addons.xpi	INFO	Mapping langpack-it@firefox.mozilla.org to C:\Users\SUNIL_~1\AppData\Local\Temp\anonymous281036527757777283webdriver-profile\extensions\langpack-it@firefox.mozilla.org
1443694723830	addons.xpi	DEBUG	Installed distribution add-on langpack-it@firefox.mozilla.org
1443694726099	addons.xpi	INFO	Mapping langpack-ja@firefox.mozilla.org to C:\Users\SUNIL_~1\AppData\Local\Temp\anonymous281036527757777283webdriver-profile\extensions\langpack-ja@firefox.mozilla.org
1443694726099	addons.xpi	DEBUG	Installed distribution add-on langpack-ja@firefox.mozilla.org
1443694728255	addons.xpi	INFO	Mapping langpack-ko@firefox.mozilla.org to C:\Users\SUNIL_~1\AppData\Local\Temp\anonymous281036527757777283webdriver-profile\extensions\langpack-ko@firefox.mozilla.org
1443694728255	addons.xpi	DEBUG	Installed distribution add-on langpack-ko@firefox.mozilla.org
1443694730414	addons.xpi	INFO	Mapping langpack-pt-BR@firefox.mozilla.org to C:\Users\SUNIL_~1\AppData\Local\Temp\anonymous281036527757777283webdriver-profile\extensions\langpack-pt-BR@firefox.mozilla.org
1443694730414	addons.xpi	DEBUG	Installed distribution add-on langpack-pt-BR@firefox.mozilla.org
1443694732806	addons.xpi	INFO	Mapping langpack-zh-CN@firefox.mozilla.org to C:\Users\SUNIL_~1\AppData\Local\Temp\anonymous281036527757777283webdriver-profile\extensions\langpack-zh-CN@firefox.mozilla.org
1443694732806	addons.xpi	DEBUG	Installed distribution add-on langpack-zh-CN@firefox.mozilla.org
1443694752370	addons.xpi	INFO	Mapping langpack-zh-TW@firefox.mozilla.org to C:\Users\SUNIL_~1\AppData\Local\Temp\anonymous281036527757777283webdriver-profile\extensions\langpack-zh-TW@firefox.mozilla.org
1443694752370	addons.xpi	DEBUG	Installed distribution add-on langpack-zh-TW@firefox.mozilla.org

Build info: version: &#039;2.47.1&#039;, revision: &#039;411b314&#039;, time: &#039;2015-07-30 02:56:46&#039;
System info: host: &#039;PS8080&#039;, ip: &#039;10.44.67.42&#039;, os.name: &#039;Windows 7&#039;, os.arch: &#039;amd64&#039;, os.version: &#039;6.1&#039;, java.version: &#039;1.7.0_45&#039;
Driver info: driver.version: FirefoxDriver">
      <![CDATA[org.openqa.selenium.WebDriverException: Failed to connect to binary FirefoxBinary(C:\Program Files (x86)\Mozilla Firefox\firefox.exe) on port 7055; process output follows: 
\AppData\Local\Temp\anonymous281036527757777283webdriver-profile\extensions\fxdriver@googlecode.com
1443694713720	addons.xpi	DEBUG	Ignoring file entry whose name is not a valid add-on ID: C:\Users\SUNIL_~1\AppData\Local\Temp\anonymous281036527757777283webdriver-profile\extensions\webdriver-staging
1443694713721	addons.xpi	INFO	Mapping {972ce4c6-7e08-4474-a285-3208198ce6fd} to C:\Program Files (x86)\Mozilla Firefox\browser\extensions\{972ce4c6-7e08-4474-a285-3208198ce6fd}
1443694713721	addons.xpi	DEBUG	Skipping unavailable install location app-system-share
1443694713722	addons.xpi	DEBUG	Skipping unavailable install location app-system-local
1443694713722	addons.xpi	INFO	Mapping IBMNotesBrowserExtension@ibm.com to C:\Program Files (x86)\IBM\Notes\mozilla
1443694713723	addons.xpi	DEBUG	checkForChanges
*** Blocklist::_loadBlocklistFromFile: blocklist is disabled
1443694714067	addons.xpi	INFO	Mapping IBM-cck@firefox-extensions.ibm.com to C:\Users\SUNIL_~1\AppData\Local\Temp\anonymous281036527757777283webdriver-profile\extensions\IBM-cck@firefox-extensions.ibm.com
1443694714067	addons.xpi	DEBUG	Installed distribution add-on IBM-cck@firefox-extensions.ibm.com
1443694714947	addons.xpi	INFO	Mapping ietab@ip.cn to C:\Users\SUNIL_~1\AppData\Local\Temp\anonymous281036527757777283webdriver-profile\extensions\ietab@ip.cn
1443694714948	addons.xpi	DEBUG	Installed distribution add-on ietab@ip.cn
1443694717091	addons.xpi	INFO	Mapping langpack-en-US@firefox.mozilla.org to C:\Users\SUNIL_~1\AppData\Local\Temp\anonymous281036527757777283webdriver-profile\extensions\langpack-en-US@firefox.mozilla.org
1443694717091	addons.xpi	DEBUG	Installed distribution add-on langpack-en-US@firefox.mozilla.org
1443694719321	addons.xpi	INFO	Mapping langpack-es-ES@firefox.mozilla.org to C:\Users\SUNIL_~1\AppData\Local\Temp\anonymous281036527757777283webdriver-profile\extensions\langpack-es-ES@firefox.mozilla.org
1443694719321	addons.xpi	DEBUG	Installed distribution add-on langpack-es-ES@firefox.mozilla.org
1443694721501	addons.xpi	INFO	Mapping langpack-fr@firefox.mozilla.org to C:\Users\SUNIL_~1\AppData\Local\Temp\anonymous281036527757777283webdriver-profile\extensions\langpack-fr@firefox.mozilla.org
1443694721501	addons.xpi	DEBUG	Installed distribution add-on langpack-fr@firefox.mozilla.org
1443694723829	addons.xpi	INFO	Mapping langpack-it@firefox.mozilla.org to C:\Users\SUNIL_~1\AppData\Local\Temp\anonymous281036527757777283webdriver-profile\extensions\langpack-it@firefox.mozilla.org
1443694723830	addons.xpi	DEBUG	Installed distribution add-on langpack-it@firefox.mozilla.org
1443694726099	addons.xpi	INFO	Mapping langpack-ja@firefox.mozilla.org to C:\Users\SUNIL_~1\AppData\Local\Temp\anonymous281036527757777283webdriver-profile\extensions\langpack-ja@firefox.mozilla.org
1443694726099	addons.xpi	DEBUG	Installed distribution add-on langpack-ja@firefox.mozilla.org
1443694728255	addons.xpi	INFO	Mapping langpack-ko@firefox.mozilla.org to C:\Users\SUNIL_~1\AppData\Local\Temp\anonymous281036527757777283webdriver-profile\extensions\langpack-ko@firefox.mozilla.org
1443694728255	addons.xpi	DEBUG	Installed distribution add-on langpack-ko@firefox.mozilla.org
1443694730414	addons.xpi	INFO	Mapping langpack-pt-BR@firefox.mozilla.org to C:\Users\SUNIL_~1\AppData\Local\Temp\anonymous281036527757777283webdriver-profile\extensions\langpack-pt-BR@firefox.mozilla.org
1443694730414	addons.xpi	DEBUG	Installed distribution add-on langpack-pt-BR@firefox.mozilla.org
1443694732806	addons.xpi	INFO	Mapping langpack-zh-CN@firefox.mozilla.org to C:\Users\SUNIL_~1\AppData\Local\Temp\anonymous281036527757777283webdriver-profile\extensions\langpack-zh-CN@firefox.mozilla.org
1443694732806	addons.xpi	DEBUG	Installed distribution add-on langpack-zh-CN@firefox.mozilla.org
1443694752370	addons.xpi	INFO	Mapping langpack-zh-TW@firefox.mozilla.org to C:\Users\SUNIL_~1\AppData\Local\Temp\anonymous281036527757777283webdriver-profile\extensions\langpack-zh-TW@firefox.mozilla.org
1443694752370	addons.xpi	DEBUG	Installed distribution add-on langpack-zh-TW@firefox.mozilla.org

Build info: version: '2.47.1', revision: '411b314', time: '2015-07-30 02:56:46'
System info: host: 'PS8080', ip: '10.44.67.42', os.name: 'Windows 7', os.arch: 'amd64', os.version: '6.1', java.version: '1.7.0_45'
Driver info: driver.version: FirefoxDriver
	at org.openqa.selenium.firefox.internal.NewProfileExtensionConnection.start(NewProfileExtensionConnection.java:134)
	at org.openqa.selenium.firefox.FirefoxDriver.startClient(FirefoxDriver.java:276)
	at org.openqa.selenium.remote.RemoteWebDriver.<init>(RemoteWebDriver.java:116)
	at org.openqa.selenium.firefox.FirefoxDriver.<init>(FirefoxDriver.java:223)
	at org.openqa.selenium.firefox.FirefoxDriver.<init>(FirefoxDriver.java:216)
	at org.openqa.selenium.firefox.FirefoxDriver.<init>(FirefoxDriver.java:134)
	at utilities.CommonFunctions.launchBrowser(CommonFunctions.java:34)
	at testCases.Sampletest.f(Sampletest.java:16)
	at sun.reflect.NativeMethodAccessorImpl.invoke0(Native Method)
	at sun.reflect.NativeMethodAccessorImpl.invoke(Unknown Source)
	at sun.reflect.DelegatingMethodAccessorImpl.invoke(Unknown Source)
	at java.lang.reflect.Method.invoke(Unknown Source)
	at org.testng.internal.MethodInvocationHelper.invokeMethod(MethodInvocationHelper.java:85)
	at org.testng.internal.Invoker.invokeMethod(Invoker.java:648)
	at org.testng.internal.Invoker.invokeTestMethod(Invoker.java:834)
	at org.testng.internal.Invoker.invokeTestMethods(Invoker.java:1142)
	at org.testng.internal.TestMethodWorker.invokeTestMethods(TestMethodWorker.java:124)
	at org.testng.internal.TestMethodWorker.run(TestMethodWorker.java:108)
	at org.testng.TestRunner.privateRun(TestRunner.java:771)
	at org.testng.TestRunner.run(TestRunner.java:621)
	at org.testng.SuiteRunner.runTest(SuiteRunner.java:357)
	at org.testng.SuiteRunner.runSequentially(SuiteRunner.java:352)
	at org.testng.SuiteRunner.privateRun(SuiteRunner.java:310)
	at org.testng.SuiteRunner.run(SuiteRunner.java:259)
	at org.testng.SuiteRunnerWorker.runSuite(SuiteRunnerWorker.java:52)
	at org.testng.SuiteRunnerWorker.run(SuiteRunnerWorker.java:86)
	at org.testng.TestNG.runSuitesSequentially(TestNG.java:1176)
	at org.testng.TestNG.runSuitesLocally(TestNG.java:1101)
	at org.testng.TestNG.run(TestNG.java:1009)
	at org.testng.remote.RemoteTestNG.run(RemoteTestNG.java:111)
	at org.testng.remote.RemoteTestNG.initAndRun(RemoteTestNG.java:204)
	at org.testng.remote.RemoteTestNG.main(RemoteTestNG.java:175)
Caused by: org.openqa.selenium.firefox.NotConnectedException: Unable to connect to host 127.0.0.1 on port 7055 after 45000 ms. Firefox console output:
\AppData\Local\Temp\anonymous281036527757777283webdriver-profile\extensions\fxdriver@googlecode.com
1443694713720	addons.xpi	DEBUG	Ignoring file entry whose name is not a valid add-on ID: C:\Users\SUNIL_~1\AppData\Local\Temp\anonymous281036527757777283webdriver-profile\extensions\webdriver-staging
1443694713721	addons.xpi	INFO	Mapping {972ce4c6-7e08-4474-a285-3208198ce6fd} to C:\Program Files (x86)\Mozilla Firefox\browser\extensions\{972ce4c6-7e08-4474-a285-3208198ce6fd}
1443694713721	addons.xpi	DEBUG	Skipping unavailable install location app-system-share
1443694713722	addons.xpi	DEBUG	Skipping unavailable install location app-system-local
1443694713722	addons.xpi	INFO	Mapping IBMNotesBrowserExtension@ibm.com to C:\Program Files (x86)\IBM\Notes\mozilla
1443694713723	addons.xpi	DEBUG	checkForChanges
*** Blocklist::_loadBlocklistFromFile: blocklist is disabled
1443694714067	addons.xpi	INFO	Mapping IBM-cck@firefox-extensions.ibm.com to C:\Users\SUNIL_~1\AppData\Local\Temp\anonymous281036527757777283webdriver-profile\extensions\IBM-cck@firefox-extensions.ibm.com
1443694714067	addons.xpi	DEBUG	Installed distribution add-on IBM-cck@firefox-extensions.ibm.com
1443694714947	addons.xpi	INFO	Mapping ietab@ip.cn to C:\Users\SUNIL_~1\AppData\Local\Temp\anonymous281036527757777283webdriver-profile\extensions\ietab@ip.cn
1443694714948	addons.xpi	DEBUG	Installed distribution add-on ietab@ip.cn
1443694717091	addons.xpi	INFO	Mapping langpack-en-US@firefox.mozilla.org to C:\Users\SUNIL_~1\AppData\Local\Temp\anonymous281036527757777283webdriver-profile\extensions\langpack-en-US@firefox.mozilla.org
1443694717091	addons.xpi	DEBUG	Installed distribution add-on langpack-en-US@firefox.mozilla.org
1443694719321	addons.xpi	INFO	Mapping langpack-es-ES@firefox.mozilla.org to C:\Users\SUNIL_~1\AppData\Local\Temp\anonymous281036527757777283webdriver-profile\extensions\langpack-es-ES@firefox.mozilla.org
1443694719321	addons.xpi	DEBUG	Installed distribution add-on langpack-es-ES@firefox.mozilla.org
1443694721501	addons.xpi	INFO	Mapping langpack-fr@firefox.mozilla.org to C:\Users\SUNIL_~1\AppData\Local\Temp\anonymous281036527757777283webdriver-profile\extensions\langpack-fr@firefox.mozilla.org
1443694721501	addons.xpi	DEBUG	Installed distribution add-on langpack-fr@firefox.mozilla.org
1443694723829	addons.xpi	INFO	Mapping langpack-it@firefox.mozilla.org to C:\Users\SUNIL_~1\AppData\Local\Temp\anonymous281036527757777283webdriver-profile\extensions\langpack-it@firefox.mozilla.org
1443694723830	addons.xpi	DEBUG	Installed distribution add-on langpack-it@firefox.mozilla.org
1443694726099	addons.xpi	INFO	Mapping langpack-ja@firefox.mozilla.org to C:\Users\SUNIL_~1\AppData\Local\Temp\anonymous281036527757777283webdriver-profile\extensions\langpack-ja@firefox.mozilla.org
1443694726099	addons.xpi	DEBUG	Installed distribution add-on langpack-ja@firefox.mozilla.org
1443694728255	addons.xpi	INFO	Mapping langpack-ko@firefox.mozilla.org to C:\Users\SUNIL_~1\AppData\Local\Temp\anonymous281036527757777283webdriver-profile\extensions\langpack-ko@firefox.mozilla.org
1443694728255	addons.xpi	DEBUG	Installed distribution add-on langpack-ko@firefox.mozilla.org
1443694730414	addons.xpi	INFO	Mapping langpack-pt-BR@firefox.mozilla.org to C:\Users\SUNIL_~1\AppData\Local\Temp\anonymous281036527757777283webdriver-profile\extensions\langpack-pt-BR@firefox.mozilla.org
1443694730414	addons.xpi	DEBUG	Installed distribution add-on langpack-pt-BR@firefox.mozilla.org
1443694732806	addons.xpi	INFO	Mapping langpack-zh-CN@firefox.mozilla.org to C:\Users\SUNIL_~1\AppData\Local\Temp\anonymous281036527757777283webdriver-profile\extensions\langpack-zh-CN@firefox.mozilla.org
1443694732806	addons.xpi	DEBUG	Installed distribution add-on langpack-zh-CN@firefox.mozilla.org
1443694752370	addons.xpi	INFO	Mapping langpack-zh-TW@firefox.mozilla.org to C:\Users\SUNIL_~1\AppData\Local\Temp\anonymous281036527757777283webdriver-profile\extensions\langpack-zh-TW@firefox.mozilla.org
1443694752370	addons.xpi	DEBUG	Installed distribution add-on langpack-zh-TW@firefox.mozilla.org

	at org.openqa.selenium.firefox.internal.NewProfileExtensionConnection.start(NewProfileExtensionConnection.java:122)
	... 31 more
]]>
    </error>
  </testcase> <!-- f -->
</testsuite> <!-- testCases.Sampletest -->
